[INFO] Scanning for projects...
[WARNING] 
[WARNING] Some problems were encountered while building the effective model for com.juvenxu:app:jar:1.0-SNAPSHOT
[WARNING] 'build.plugins.plugin.version' for org.apache.maven.plugins:maven-resources-plugin is missing. @ line 35, column 13
[WARNING] 
[WARNING] It is highly recommended to fix these problems because they threaten the stability of your build.
[WARNING] 
[WARNING] For this reason, future Maven versions might no longer support building such malformed projects.
[WARNING] 
[INFO] 
[INFO] --------------------------< com.juvenxu:app >---------------------------
[INFO] Building app 1.0-SNAPSHOT
[INFO]   from interpolated-pom.xml
[INFO] --------------------------------[ jar ]---------------------------------
[INFO] 
[INFO] --- resources:3.3.1:resources (default-resources) @ app ---
[INFO] skip non existing resourceDirectory /Users/huangyunsheng/maven-in-action/ch-17/maven-loc-plugin/src/it/app/src/main/resources
[INFO] 
[INFO] --- compiler:3.11.0:compile (default-compile) @ app ---
[INFO] Nothing to compile - all classes are up to date
[INFO] 
[INFO] --- resources:3.3.1:testResources (default-testResources) @ app ---
[INFO] skip non existing resourceDirectory /Users/huangyunsheng/maven-in-action/ch-17/maven-loc-plugin/src/it/app/src/test/resources
[INFO] 
[INFO] --- compiler:3.11.0:testCompile (default-testCompile) @ app ---
[INFO] Nothing to compile - all classes are up to date
[INFO] 
[INFO] --- surefire:3.2.2:test (default-test) @ app ---
[INFO] Using auto detected provider org.apache.maven.surefire.junit.JUnit3Provider
[INFO] 
[INFO] -------------------------------------------------------
[INFO]  T E S T S
[INFO] -------------------------------------------------------
[INFO] Running com.juvenxu.AppTest
[INFO] Tests run: 1, Failures: 0, Errors: 0, Skipped: 0, Time elapsed: 0.028 s -- in com.juvenxu.AppTest
[INFO] 
[INFO] Results:
[INFO] 
[INFO] Tests run: 1, Failures: 0, Errors: 0, Skipped: 0
[INFO] 
[INFO] 
[INFO] --- jar:3.3.0:jar (default-jar) @ app ---
[INFO] Building jar: /Users/huangyunsheng/maven-in-action/ch-17/maven-loc-plugin/src/it/app/target/app-1.0-SNAPSHOT.jar
[INFO] 
[INFO] --- loc:0.0.1-SNAPSHOT:count (default) @ app ---
[INFO] /src/main/java: 13 lines of code in 1 files
[INFO] /src/test/java: 38 lines of code in 1 files
[INFO] 
[INFO] --- install:3.1.1:install (default-install) @ app ---
[INFO] Installing /Users/huangyunsheng/maven-in-action/ch-17/maven-loc-plugin/src/it/app/interpolated-pom.xml to /Users/huangyunsheng/.m2/repository/com/juvenxu/app/1.0-SNAPSHOT/app-1.0-SNAPSHOT.pom
[INFO] Installing /Users/huangyunsheng/maven-in-action/ch-17/maven-loc-plugin/src/it/app/target/app-1.0-SNAPSHOT.jar to /Users/huangyunsheng/.m2/repository/com/juvenxu/app/1.0-SNAPSHOT/app-1.0-SNAPSHOT.jar
[INFO] ------------------------------------------------------------------------
[INFO] BUILD SUCCESS
[INFO] ------------------------------------------------------------------------
[INFO] Total time:  2.028 s
[INFO] Finished at: 2025-10-09T23:55:23+08:00
[INFO] ------------------------------------------------------------------------
Running post-build script: /Users/huangyunsheng/maven-in-action/ch-17/maven-loc-plugin/src/it/app/validate.groovy
java.lang.reflect.InaccessibleObjectException: Unable to make private java.io.File(java.lang.String,java.io.File) accessible: module java.base does not "opens java.io" to unnamed module @7bf94e91
	at java.base/java.lang.reflect.AccessibleObject.throwInaccessibleObjectException(AccessibleObject.java:391)
	at java.base/java.lang.reflect.AccessibleObject.checkCanSetAccessible(AccessibleObject.java:367)
	at java.base/java.lang.reflect.AccessibleObject.checkCanSetAccessible(AccessibleObject.java:315)
	at java.base/java.lang.reflect.Constructor.checkCanSetAccessible(Constructor.java:194)
	at java.base/java.lang.reflect.Constructor.setAccessible(Constructor.java:187)
	at org.codehaus.groovy.reflection.CachedConstructor.<init>(CachedConstructor.java:32)
	at org.codehaus.groovy.reflection.CachedClass.getConstructors(CachedClass.java:237)
	at groovy.lang.MetaClassImpl.<init>(MetaClassImpl.java:115)
	at groovy.lang.MetaClassRegistry$MetaClassCreationHandle.createNormalMetaClass(MetaClassRegistry.java:102)
	at groovy.lang.MetaClassRegistry$MetaClassCreationHandle.create(MetaClassRegistry.java:92)
	at org.codehaus.groovy.runtime.metaclass.MetaClassRegistryImpl.getGlobalMetaClass(MetaClassRegistryImpl.java:252)
	at org.codehaus.groovy.runtime.metaclass.MetaClassRegistryImpl.access$100(MetaClassRegistryImpl.java:45)
	at org.codehaus.groovy.runtime.metaclass.MetaClassRegistryImpl$LocallyKnownClasses.getFromGlobal(MetaClassRegistryImpl.java:112)
	at org.codehaus.groovy.runtime.metaclass.MetaClassRegistryImpl$LocallyKnownClasses.getMetaClass(MetaClassRegistryImpl.java:88)
	at org.codehaus.groovy.runtime.metaclass.MetaClassRegistryImpl$MyThreadLocal.getMetaClass(MetaClassRegistryImpl.java:361)
	at org.codehaus.groovy.runtime.metaclass.MetaClassRegistryImpl.getMetaClass(MetaClassRegistryImpl.java:265)
	at org.codehaus.groovy.runtime.InvokerHelper.invokeConstructorOf(InvokerHelper.java:808)
	at org.codehaus.groovy.runtime.ScriptBytecodeAdapter.invokeNewN(ScriptBytecodeAdapter.java:230)
	at Script1.run(Script1.groovy:1)
	at groovy.lang.GroovyShell.evaluate(GroovyShell.java:543)
	at groovy.lang.GroovyShell.evaluate(GroovyShell.java:518)
	at org.apache.maven.plugin.invoker.GroovyScriptInterpreter.evaluateScript(GroovyScriptInterpreter.java:83)
	at org.apache.maven.plugin.invoker.ScriptRunner.run(ScriptRunner.java:201)
	at org.apache.maven.plugin.invoker.AbstractInvokerMojo.runBuild(AbstractInvokerMojo.java:1323)
	at org.apache.maven.plugin.invoker.AbstractInvokerMojo.runBuild(AbstractInvokerMojo.java:1029)
	at org.apache.maven.plugin.invoker.AbstractInvokerMojo.runBuilds(AbstractInvokerMojo.java:955)
	at org.apache.maven.plugin.invoker.AbstractInvokerMojo.execute(AbstractInvokerMojo.java:618)
	at org.apache.maven.plugin.DefaultBuildPluginManager.executeMojo(DefaultBuildPluginManager.java:126)
	at org.apache.maven.lifecycle.internal.MojoExecutor.doExecute2(MojoExecutor.java:328)
	at org.apache.maven.lifecycle.internal.MojoExecutor.doExecute(MojoExecutor.java:316)
	at org.apache.maven.lifecycle.internal.MojoExecutor.execute(MojoExecutor.java:212)
	at org.apache.maven.lifecycle.internal.MojoExecutor.execute(MojoExecutor.java:174)
	at org.apache.maven.lifecycle.internal.MojoExecutor.access$000(MojoExecutor.java:75)
	at org.apache.maven.lifecycle.internal.MojoExecutor$1.run(MojoExecutor.java:162)
	at org.apache.maven.plugin.DefaultMojosExecutionStrategy.execute(DefaultMojosExecutionStrategy.java:39)
	at org.apache.maven.lifecycle.internal.MojoExecutor.execute(MojoExecutor.java:159)
	at org.apache.maven.lifecycle.internal.LifecycleModuleBuilder.buildProject(LifecycleModuleBuilder.java:105)
	at org.apache.maven.lifecycle.internal.LifecycleModuleBuilder.buildProject(LifecycleModuleBuilder.java:73)
	at org.apache.maven.lifecycle.internal.builder.singlethreaded.SingleThreadedBuilder.build(SingleThreadedBuilder.java:53)
	at org.apache.maven.lifecycle.internal.LifecycleStarter.execute(LifecycleStarter.java:118)
	at org.apache.maven.DefaultMaven.doExecute(DefaultMaven.java:261)
	at org.apache.maven.DefaultMaven.doExecute(DefaultMaven.java:173)
	at org.apache.maven.DefaultMaven.execute(DefaultMaven.java:101)
	at org.apache.maven.cli.MavenCli.execute(MavenCli.java:906)
	at org.apache.maven.cli.MavenCli.doMain(MavenCli.java:283)
	at org.apache.maven.cli.MavenCli.main(MavenCli.java:206)
	at java.base/jdk.internal.reflect.DirectMethodHandleAccessor.invoke(DirectMethodHandleAccessor.java:103)
	at java.base/java.lang.reflect.Method.invoke(Method.java:580)
	at org.codehaus.plexus.classworlds.launcher.Launcher.launchEnhanced(Launcher.java:283)
	at org.codehaus.plexus.classworlds.launcher.Launcher.launch(Launcher.java:226)
	at org.codehaus.plexus.classworlds.launcher.Launcher.mainWithExitCode(Launcher.java:407)
	at org.codehaus.plexus.classworlds.launcher.Launcher.main(Launcher.java:348)
